# JRE version: 7.0_04-b22
# Java VM: Java HotSpot(TM) 64-Bit Server VM (23.0-b21 mixed mode windows-amd64 compressed oops)
Heap
 PSYoungGen      total 132800K, used 106486K [0x00000000d6760000, 0x00000000e6d00000, 0x0000000000000000)
  eden space 127488K, 79% used [0x00000000d6760000,0x00000000dca33930,0x00000000de3e0000)
  from space 5312K, 99% used [0x00000000de3e0000,0x00000000de90a020,0x00000000de910000)
  to   space 6464K, 0% used [0x00000000e66b0000,0x00000000e66b0000,0x00000000e6d00000)
 ParOldGen       total 85056K, used 25261K [0x0000000083600000, 0x0000000088910000, 0x00000000d6760000)
  object space 85056K, 29% used [0x0000000083600000,0x0000000084eab410,0x0000000088910000)
 PSPermGen       total 21248K, used 14352K [0x000000007e400000, 0x000000007f8c0000, 0x0000000083600000)
  object space 21248K, 67% used [0x000000007e400000,0x000000007f2042a8,0x000000007f8c0000)
GC Heap History (10 events):
Event: 0.539 GC heap before
{Heap before GC invocations=1 (full 0):
 PSYoungGen      total 37184K, used 20955K [0x00000000d6760000, 0x00000000d90e0000, 0x0000000000000000)
  eden space 31872K, 65% used [0x00000000d6760000,0x00000000d7bd6db0,0x00000000d8680000)
  from space 5312K, 0% used [0x00000000d8bb0000,0x00000000d8bb0000,0x00000000d90e0000)
  to   space 5312K, 0% used [0x00000000d8680000,0x00000000d8680000,0x00000000d8bb0000)
 ParOldGen       total 85056K, used 0K [0x0000000083600000, 0x0000000088910000, 0x00000000d6760000)
  object space 85056K, 0% used [0x0000000083600000,0x0000000083600000,0x0000000088910000)
 PSPermGen       total 21248K, used 4492K [0x000000007e400000, 0x000000007f8c0000, 0x0000000083600000)
  object space 21248K, 21% used [0x000000007e400000,0x000000007e863348,0x000000007f8c0000)
Event: 0.553 GC heap after
Heap after GC invocations=1 (full 0):
 PSYoungGen      total 37184K, used 992K [0x00000000d6760000, 0x00000000db000000, 0x0000000000000000)
  eden space 31872K, 0% used [0x00000000d6760000,0x00000000d6760000,0x00000000d8680000)
  from space 5312K, 18% used [0x00000000d8680000,0x00000000d8778020,0x00000000d8bb0000)
  to   space 5312K, 0% used [0x00000000daad0000,0x00000000daad0000,0x00000000db000000)
 ParOldGen       total 85056K, used 14330K [0x0000000083600000, 0x0000000088910000, 0x00000000d6760000)
  object space 85056K, 16% used [0x0000000083600000,0x00000000843fe868,0x0000000088910000)
 PSPermGen       total 21248K, used 4492K [0x000000007e400000, 0x000000007f8c0000, 0x0000000083600000)
  object space 21248K, 21% used [0x000000007e400000,0x000000007e863348,0x000000007f8c0000)
}
Event: 0.637 GC heap before
{Heap before GC invocations=2 (full 0):
 PSYoungGen      total 37184K, used 27602K [0x00000000d6760000, 0x00000000db000000, 0x0000000000000000)
  eden space 31872K, 83% used [0x00000000d6760000,0x00000000d815cac8,0x00000000d8680000)
  from space 5312K, 18% used [0x00000000d8680000,0x00000000d8778020,0x00000000d8bb0000)
  to   space 5312K, 0% used [0x00000000daad0000,0x00000000daad0000,0x00000000db000000)
 ParOldGen       total 85056K, used 14330K [0x0000000083600000, 0x0000000088910000, 0x00000000d6760000)
  object space 85056K, 16% used [0x0000000083600000,0x00000000843fe868,0x0000000088910000)
 PSPermGen       total 21248K, used 4492K [0x000000007e400000, 0x000000007f8c0000, 0x0000000083600000)
  object space 21248K, 21% used [0x000000007e400000,0x000000007e863348,0x000000007f8c0000)
Event: 0.647 GC heap after
Heap after GC invocations=2 (full 0):
 PSYoungGen      total 69056K, used 736K [0x00000000d6760000, 0x00000000db000000, 0x0000000000000000)
  eden space 63744K, 0% used [0x00000000d6760000,0x00000000d6760000,0x00000000da5a0000)
  from space 5312K, 13% used [0x00000000daad0000,0x00000000dab88000,0x00000000db000000)
  to   space 5312K, 0% used [0x00000000da5a0000,0x00000000da5a0000,0x00000000daad0000)
 ParOldGen       total 85056K, used 24937K [0x0000000083600000, 0x0000000088910000, 0x00000000d6760000)
  object space 85056K, 29% used [0x0000000083600000,0x0000000084e5a5f0,0x0000000088910000)
 PSPermGen       total 21248K, used 4492K [0x000000007e400000, 0x000000007f8c0000, 0x0000000083600000)
  object space 21248K, 21% used [0x000000007e400000,0x000000007e863348,0x000000007f8c0000)
}
Event: 0.869 GC heap before
{Heap before GC invocations=3 (full 0):
 PSYoungGen      total 69056K, used 64367K [0x00000000d6760000, 0x00000000db000000, 0x0000000000000000)
  eden space 63744K, 99% used [0x00000000d6760000,0x00000000da583db0,0x00000000da5a0000)
  from space 5312K, 13% used [0x00000000daad0000,0x00000000dab88000,0x00000000db000000)
  to   space 5312K, 0% used [0x00000000da5a0000,0x00000000da5a0000,0x00000000daad0000)
 ParOldGen       total 85056K, used 24937K [0x0000000083600000, 0x0000000088910000, 0x00000000d6760000)
  object space 85056K, 29% used [0x0000000083600000,0x0000000084e5a5f0,0x0000000088910000)
 PSPermGen       total 21248K, used 4492K [0x000000007e400000, 0x000000007f8c0000, 0x0000000083600000)
  object space 21248K, 21% used [0x000000007e400000,0x000000007e863348,0x000000007f8c0000)
Event: 0.872 GC heap after
Heap after GC invocations=3 (full 0):
 PSYoungGen      total 69056K, used 1071K [0x00000000d6760000, 0x00000000dee40000, 0x0000000000000000)
  eden space 63744K, 0% used [0x00000000d6760000,0x00000000d6760000,0x00000000da5a0000)
  from space 5312K, 20% used [0x00000000da5a0000,0x00000000da6abe78,0x00000000daad0000)
  to   space 5312K, 0% used [0x00000000de910000,0x00000000de910000,0x00000000dee40000)
 ParOldGen       total 85056K, used 24937K [0x0000000083600000, 0x0000000088910000, 0x00000000d6760000)
  object space 85056K, 29% used [0x0000000083600000,0x0000000084e5a5f0,0x0000000088910000)
 PSPermGen       total 21248K, used 4492K [0x000000007e400000, 0x000000007f8c0000, 0x0000000083600000)
  object space 21248K, 21% used [0x000000007e400000,0x000000007e863348,0x000000007f8c0000)
}
Event: 4.849 GC heap before
{Heap before GC invocations=4 (full 0):
 PSYoungGen      total 69056K, used 64117K [0x00000000d6760000, 0x00000000dee40000, 0x0000000000000000)
  eden space 63744K, 98% used [0x00000000d6760000,0x00000000da4f16e8,0x00000000da5a0000)
  from space 5312K, 20% used [0x00000000da5a0000,0x00000000da6abe78,0x00000000daad0000)
  to   space 5312K, 0% used [0x00000000de910000,0x00000000de910000,0x00000000dee40000)
 ParOldGen       total 85056K, used 24937K [0x0000000083600000, 0x0000000088910000, 0x00000000d6760000)
  object space 85056K, 29% used [0x0000000083600000,0x0000000084e5a5f0,0x0000000088910000)
 PSPermGen       total 21248K, used 8257K [0x000000007e400000, 0x000000007f8c0000, 0x0000000083600000)
  object space 21248K, 38% used [0x000000007e400000,0x000000007ec10570,0x000000007f8c0000)
Event: 4.854 GC heap after
Heap after GC invocations=4 (full 0):
 PSYoungGen      total 132800K, used 5065K [0x00000000d6760000, 0x00000000dee40000, 0x0000000000000000)
  eden space 127488K, 0% used [0x00000000d6760000,0x00000000d6760000,0x00000000de3e0000)
  from space 5312K, 95% used [0x00000000de910000,0x00000000dee027d0,0x00000000dee40000)
  to   space 5312K, 0% used [0x00000000de3e0000,0x00000000de3e0000,0x00000000de910000)
 ParOldGen       total 85056K, used 24945K [0x0000000083600000, 0x0000000088910000, 0x00000000d6760000)
  object space 85056K, 29% used [0x0000000083600000,0x0000000084e5c5f0,0x0000000088910000)
 PSPermGen       total 21248K, used 8257K [0x000000007e400000, 0x000000007f8c0000, 0x0000000083600000)
  object space 21248K, 38% used [0x000000007e400000,0x000000007ec10570,0x000000007f8c0000)
}
Event: 24.468 GC heap before
{Heap before GC invocations=5 (full 0):
 PSYoungGen      total 132800K, used 132388K [0x00000000d6760000, 0x00000000dee40000, 0x0000000000000000)
  eden space 127488K, 99% used [0x00000000d6760000,0x00000000de3b68b0,0x00000000de3e0000)
  from space 5312K, 95% used [0x00000000de910000,0x00000000dee027d0,0x00000000dee40000)
  to   space 5312K, 0% used [0x00000000de3e0000,0x00000000de3e0000,0x00000000de910000)
 ParOldGen       total 85056K, used 24945K [0x0000000083600000, 0x0000000088910000, 0x00000000d6760000)
  object space 85056K, 29% used [0x0000000083600000,0x0000000084e5c5f0,0x0000000088910000)
 PSPermGen       total 21248K, used 13982K [0x000000007e400000, 0x000000007f8c0000, 0x0000000083600000)
  object space 21248K, 65% used [0x000000007e400000,0x000000007f1a78e8,0x000000007f8c0000)
Event: 24.479 GC heap after
Heap after GC invocations=5 (full 0):
 PSYoungGen      total 132800K, used 5288K [0x00000000d6760000, 0x00000000e6d00000, 0x0000000000000000)
  eden space 127488K, 0% used [0x00000000d6760000,0x00000000d6760000,0x00000000de3e0000)
  from space 5312K, 99% used [0x00000000de3e0000,0x00000000de90a020,0x00000000de910000)
  to   space 6464K, 0% used [0x00000000e66b0000,0x00000000e66b0000,0x00000000e6d00000)
 ParOldGen       total 85056K, used 25261K [0x0000000083600000, 0x0000000088910000, 0x00000000d6760000)
  object space 85056K, 29% used [0x0000000083600000,0x0000000084eab410,0x0000000088910000)
 PSPermGen       total 21248K, used 13982K [0x000000007e400000, 0x000000007f8c0000, 0x0000000083600000)
  object space 21248K, 65% used [0x000000007e400000,0x000000007f1a78e8,0x000000007f8c0000)
}

