# JRE version: 7.0_04-b22
# Java VM: Java HotSpot(TM) 64-Bit Server VM (23.0-b21 mixed mode windows-amd64 compressed oops)
Heap
 PSYoungGen      total 132800K, used 128454K [0x00000000d6760000, 0x00000000e6c00000, 0x0000000000000000)
  eden space 127488K, 97% used [0x00000000d6760000,0x00000000de02a198,0x00000000de3e0000)
  from space 5312K, 89% used [0x00000000de3e0000,0x00000000de887898,0x00000000de910000)
  to   space 5952K, 0% used [0x00000000e6630000,0x00000000e6630000,0x00000000e6c00000)
 ParOldGen       total 85056K, used 24953K [0x0000000083600000, 0x0000000088910000, 0x00000000d6760000)
  object space 85056K, 29% used [0x0000000083600000,0x0000000084e5e5f0,0x0000000088910000)
 PSPermGen       total 21248K, used 14430K [0x000000007e400000, 0x000000007f8c0000, 0x0000000083600000)
  object space 21248K, 67% used [0x000000007e400000,0x000000007f2178a0,0x000000007f8c0000)
GC Heap History (10 events):
Event: 0.566 GC heap before
{Heap before GC invocations=1 (full 0):
 PSYoungGen      total 37184K, used 20955K [0x00000000d6760000, 0x00000000d90e0000, 0x0000000000000000)
  eden space 31872K, 65% used [0x00000000d6760000,0x00000000d7bd6c00,0x00000000d8680000)
  from space 5312K, 0% used [0x00000000d8bb0000,0x00000000d8bb0000,0x00000000d90e0000)
  to   space 5312K, 0% used [0x00000000d8680000,0x00000000d8680000,0x00000000d8bb0000)
 ParOldGen       total 85056K, used 0K [0x0000000083600000, 0x0000000088910000, 0x00000000d6760000)
  object space 85056K, 0% used [0x0000000083600000,0x0000000083600000,0x0000000088910000)
 PSPermGen       total 21248K, used 4492K [0x000000007e400000, 0x000000007f8c0000, 0x0000000083600000)
  object space 21248K, 21% used [0x000000007e400000,0x000000007e863348,0x000000007f8c0000)
Event: 0.588 GC heap after
Heap after GC invocations=1 (full 0):
 PSYoungGen      total 37184K, used 1100K [0x00000000d6760000, 0x00000000db000000, 0x0000000000000000)
  eden space 31872K, 0% used [0x00000000d6760000,0x00000000d6760000,0x00000000d8680000)
  from space 5312K, 20% used [0x00000000d8680000,0x00000000d8793308,0x00000000d8bb0000)
  to   space 5312K, 0% used [0x00000000daad0000,0x00000000daad0000,0x00000000db000000)
 ParOldGen       total 85056K, used 14330K [0x0000000083600000, 0x0000000088910000, 0x00000000d6760000)
  object space 85056K, 16% used [0x0000000083600000,0x00000000843fe868,0x0000000088910000)
 PSPermGen       total 21248K, used 4492K [0x000000007e400000, 0x000000007f8c0000, 0x0000000083600000)
  object space 21248K, 21% used [0x000000007e400000,0x000000007e863348,0x000000007f8c0000)
}
Event: 0.676 GC heap before
{Heap before GC invocations=2 (full 0):
 PSYoungGen      total 37184K, used 27711K [0x00000000d6760000, 0x00000000db000000, 0x0000000000000000)
  eden space 31872K, 83% used [0x00000000d6760000,0x00000000d815cac8,0x00000000d8680000)
  from space 5312K, 20% used [0x00000000d8680000,0x00000000d8793308,0x00000000d8bb0000)
  to   space 5312K, 0% used [0x00000000daad0000,0x00000000daad0000,0x00000000db000000)
 ParOldGen       total 85056K, used 14330K [0x0000000083600000, 0x0000000088910000, 0x00000000d6760000)
  object space 85056K, 16% used [0x0000000083600000,0x00000000843fe868,0x0000000088910000)
 PSPermGen       total 21248K, used 4492K [0x000000007e400000, 0x000000007f8c0000, 0x0000000083600000)
  object space 21248K, 21% used [0x000000007e400000,0x000000007e863348,0x000000007f8c0000)
Event: 0.691 GC heap after
Heap after GC invocations=2 (full 0):
 PSYoungGen      total 69056K, used 752K [0x00000000d6760000, 0x00000000db000000, 0x0000000000000000)
  eden space 63744K, 0% used [0x00000000d6760000,0x00000000d6760000,0x00000000da5a0000)
  from space 5312K, 14% used [0x00000000daad0000,0x00000000dab8c010,0x00000000db000000)
  to   space 5312K, 0% used [0x00000000da5a0000,0x00000000da5a0000,0x00000000daad0000)
 ParOldGen       total 85056K, used 24937K [0x0000000083600000, 0x0000000088910000, 0x00000000d6760000)
  object space 85056K, 29% used [0x0000000083600000,0x0000000084e5a5f0,0x0000000088910000)
 PSPermGen       total 21248K, used 4492K [0x000000007e400000, 0x000000007f8c0000, 0x0000000083600000)
  object space 21248K, 21% used [0x000000007e400000,0x000000007e863348,0x000000007f8c0000)
}
Event: 0.933 GC heap before
{Heap before GC invocations=3 (full 0):
 PSYoungGen      total 69056K, used 64383K [0x00000000d6760000, 0x00000000db000000, 0x0000000000000000)
  eden space 63744K, 99% used [0x00000000d6760000,0x00000000da583db0,0x00000000da5a0000)
  from space 5312K, 14% used [0x00000000daad0000,0x00000000dab8c010,0x00000000db000000)
  to   space 5312K, 0% used [0x00000000da5a0000,0x00000000da5a0000,0x00000000daad0000)
 ParOldGen       total 85056K, used 24937K [0x0000000083600000, 0x0000000088910000, 0x00000000d6760000)
  object space 85056K, 29% used [0x0000000083600000,0x0000000084e5a5f0,0x0000000088910000)
 PSPermGen       total 21248K, used 4493K [0x000000007e400000, 0x000000007f8c0000, 0x0000000083600000)
  object space 21248K, 21% used [0x000000007e400000,0x000000007e863408,0x000000007f8c0000)
Event: 1.071 GC heap after
Heap after GC invocations=3 (full 0):
 PSYoungGen      total 69056K, used 1060K [0x00000000d6760000, 0x00000000dee40000, 0x0000000000000000)
  eden space 63744K, 0% used [0x00000000d6760000,0x00000000d6760000,0x00000000da5a0000)
  from space 5312K, 19% used [0x00000000da5a0000,0x00000000da6a90a8,0x00000000daad0000)
  to   space 5312K, 0% used [0x00000000de910000,0x00000000de910000,0x00000000dee40000)
 ParOldGen       total 85056K, used 24937K [0x0000000083600000, 0x0000000088910000, 0x00000000d6760000)
  object space 85056K, 29% used [0x0000000083600000,0x0000000084e5a5f0,0x0000000088910000)
 PSPermGen       total 21248K, used 4493K [0x000000007e400000, 0x000000007f8c0000, 0x0000000083600000)
  object space 21248K, 21% used [0x000000007e400000,0x000000007e863408,0x000000007f8c0000)
}
Event: 5.088 GC heap before
{Heap before GC invocations=4 (full 0):
 PSYoungGen      total 69056K, used 64380K [0x00000000d6760000, 0x00000000dee40000, 0x0000000000000000)
  eden space 63744K, 99% used [0x00000000d6760000,0x00000000da536338,0x00000000da5a0000)
  from space 5312K, 19% used [0x00000000da5a0000,0x00000000da6a90a8,0x00000000daad0000)
  to   space 5312K, 0% used [0x00000000de910000,0x00000000de910000,0x00000000dee40000)
 ParOldGen       total 85056K, used 24937K [0x0000000083600000, 0x0000000088910000, 0x00000000d6760000)
  object space 85056K, 29% used [0x0000000083600000,0x0000000084e5a5f0,0x0000000088910000)
 PSPermGen       total 21248K, used 8257K [0x000000007e400000, 0x000000007f8c0000, 0x0000000083600000)
  object space 21248K, 38% used [0x000000007e400000,0x000000007ec104a0,0x000000007f8c0000)
Event: 5.098 GC heap after
Heap after GC invocations=4 (full 0):
 PSYoungGen      total 132800K, used 5138K [0x00000000d6760000, 0x00000000dee40000, 0x0000000000000000)
  eden space 127488K, 0% used [0x00000000d6760000,0x00000000d6760000,0x00000000de3e0000)
  from space 5312K, 96% used [0x00000000de910000,0x00000000dee14b88,0x00000000dee40000)
  to   space 5312K, 0% used [0x00000000de3e0000,0x00000000de3e0000,0x00000000de910000)
 ParOldGen       total 85056K, used 24945K [0x0000000083600000, 0x0000000088910000, 0x00000000d6760000)
  object space 85056K, 29% used [0x0000000083600000,0x0000000084e5c5f0,0x0000000088910000)
 PSPermGen       total 21248K, used 8257K [0x000000007e400000, 0x000000007f8c0000, 0x0000000083600000)
  object space 21248K, 38% used [0x000000007e400000,0x000000007ec104a0,0x000000007f8c0000)
}
Event: 23.980 GC heap before
{Heap before GC invocations=5 (full 0):
 PSYoungGen      total 132800K, used 132626K [0x00000000d6760000, 0x00000000dee40000, 0x0000000000000000)
  eden space 127488K, 100% used [0x00000000d6760000,0x00000000de3e0000,0x00000000de3e0000)
  from space 5312K, 96% used [0x00000000de910000,0x00000000dee14b88,0x00000000dee40000)
  to   space 5312K, 0% used [0x00000000de3e0000,0x00000000de3e0000,0x00000000de910000)
 ParOldGen       total 85056K, used 24945K [0x0000000083600000, 0x0000000088910000, 0x00000000d6760000)
  object space 85056K, 29% used [0x0000000083600000,0x0000000084e5c5f0,0x0000000088910000)
 PSPermGen       total 21248K, used 13885K [0x000000007e400000, 0x000000007f8c0000, 0x0000000083600000)
  object space 21248K, 65% used [0x000000007e400000,0x000000007f18f770,0x000000007f8c0000)
Event: 23.990 GC heap after
Heap after GC invocations=5 (full 0):
 PSYoungGen      total 132800K, used 4766K [0x00000000d6760000, 0x00000000e6c00000, 0x0000000000000000)
  eden space 127488K, 0% used [0x00000000d6760000,0x00000000d6760000,0x00000000de3e0000)
  from space 5312K, 89% used [0x00000000de3e0000,0x00000000de887898,0x00000000de910000)
  to   space 5952K, 0% used [0x00000000e6630000,0x00000000e6630000,0x00000000e6c00000)
 ParOldGen       total 85056K, used 24953K [0x0000000083600000, 0x0000000088910000, 0x00000000d6760000)
  object space 85056K, 29% used [0x0000000083600000,0x0000000084e5e5f0,0x0000000088910000)
 PSPermGen       total 21248K, used 13885K [0x000000007e400000, 0x000000007f8c0000, 0x0000000083600000)
  object space 21248K, 65% used [0x000000007e400000,0x000000007f18f770,0x000000007f8c0000)
}

