# JRE version: 7.0_04-b22
# Java VM: Java HotSpot(TM) 64-Bit Server VM (23.0-b21 mixed mode windows-amd64 compressed oops)
Heap
 PSYoungGen      total 263360K, used 95127K [0x00000000d6760000, 0x00000000f6920000, 0x0000000000000000)
  eden space 254976K, 36% used [0x00000000d6760000,0x00000000dc2d1d40,0x00000000e6060000)
  from space 8384K, 17% used [0x00000000e6060000,0x00000000e61d4010,0x00000000e6890000)
  to   space 8064K, 0% used [0x00000000f6140000,0x00000000f6140000,0x00000000f6920000)
 ParOldGen       total 85056K, used 29112K [0x0000000083600000, 0x0000000088910000, 0x00000000d6760000)
  object space 85056K, 34% used [0x0000000083600000,0x000000008526e1b0,0x0000000088910000)
 PSPermGen       total 21248K, used 14629K [0x000000007e400000, 0x000000007f8c0000, 0x0000000083600000)
  object space 21248K, 68% used [0x000000007e400000,0x000000007f249548,0x000000007f8c0000)
GC Heap History (10 events):
Event: 0.937 GC heap before
{Heap before GC invocations=3 (full 0):
 PSYoungGen      total 69056K, used 64447K [0x00000000d6760000, 0x00000000db000000, 0x0000000000000000)
  eden space 63744K, 99% used [0x00000000d6760000,0x00000000da583db0,0x00000000da5a0000)
  from space 5312K, 15% used [0x00000000daad0000,0x00000000dab9c010,0x00000000db000000)
  to   space 5312K, 0% used [0x00000000da5a0000,0x00000000da5a0000,0x00000000daad0000)
 ParOldGen       total 85056K, used 24937K [0x0000000083600000, 0x0000000088910000, 0x00000000d6760000)
  object space 85056K, 29% used [0x0000000083600000,0x0000000084e5a5f0,0x0000000088910000)
 PSPermGen       total 21248K, used 4493K [0x000000007e400000, 0x000000007f8c0000, 0x0000000083600000)
  object space 21248K, 21% used [0x000000007e400000,0x000000007e863408,0x000000007f8c0000)
Event: 0.940 GC heap after
Heap after GC invocations=3 (full 0):
 PSYoungGen      total 69056K, used 1103K [0x00000000d6760000, 0x00000000dee40000, 0x0000000000000000)
  eden space 63744K, 0% used [0x00000000d6760000,0x00000000d6760000,0x00000000da5a0000)
  from space 5312K, 20% used [0x00000000da5a0000,0x00000000da6b3e78,0x00000000daad0000)
  to   space 5312K, 0% used [0x00000000de910000,0x00000000de910000,0x00000000dee40000)
 ParOldGen       total 85056K, used 24937K [0x0000000083600000, 0x0000000088910000, 0x00000000d6760000)
  object space 85056K, 29% used [0x0000000083600000,0x0000000084e5a5f0,0x0000000088910000)
 PSPermGen       total 21248K, used 4493K [0x000000007e400000, 0x000000007f8c0000, 0x0000000083600000)
  object space 21248K, 21% used [0x000000007e400000,0x000000007e863408,0x000000007f8c0000)
}
Event: 4.945 GC heap before
{Heap before GC invocations=4 (full 0):
 PSYoungGen      total 69056K, used 64171K [0x00000000d6760000, 0x00000000dee40000, 0x0000000000000000)
  eden space 63744K, 98% used [0x00000000d6760000,0x00000000da4f6fb8,0x00000000da5a0000)
  from space 5312K, 20% used [0x00000000da5a0000,0x00000000da6b3e78,0x00000000daad0000)
  to   space 5312K, 0% used [0x00000000de910000,0x00000000de910000,0x00000000dee40000)
 ParOldGen       total 85056K, used 24937K [0x0000000083600000, 0x0000000088910000, 0x00000000d6760000)
  object space 85056K, 29% used [0x0000000083600000,0x0000000084e5a5f0,0x0000000088910000)
 PSPermGen       total 21248K, used 8257K [0x000000007e400000, 0x000000007f8c0000, 0x0000000083600000)
  object space 21248K, 38% used [0x000000007e400000,0x000000007ec104a0,0x000000007f8c0000)
Event: 4.951 GC heap after
Heap after GC invocations=4 (full 0):
 PSYoungGen      total 132800K, used 5045K [0x00000000d6760000, 0x00000000dee40000, 0x0000000000000000)
  eden space 127488K, 0% used [0x00000000d6760000,0x00000000d6760000,0x00000000de3e0000)
  from space 5312K, 94% used [0x00000000de910000,0x00000000dedfd640,0x00000000dee40000)
  to   space 5312K, 0% used [0x00000000de3e0000,0x00000000de3e0000,0x00000000de910000)
 ParOldGen       total 85056K, used 24945K [0x0000000083600000, 0x0000000088910000, 0x00000000d6760000)
  object space 85056K, 29% used [0x0000000083600000,0x0000000084e5c5f0,0x0000000088910000)
 PSPermGen       total 21248K, used 8257K [0x000000007e400000, 0x000000007f8c0000, 0x0000000083600000)
  object space 21248K, 38% used [0x000000007e400000,0x000000007ec104a0,0x000000007f8c0000)
}
Event: 19.217 GC heap before
{Heap before GC invocations=5 (full 0):
 PSYoungGen      total 132800K, used 129254K [0x00000000d6760000, 0x00000000dee40000, 0x0000000000000000)
  eden space 127488K, 97% used [0x00000000d6760000,0x00000000de0ac458,0x00000000de3e0000)
  from space 5312K, 94% used [0x00000000de910000,0x00000000dedfd640,0x00000000dee40000)
  to   space 5312K, 0% used [0x00000000de3e0000,0x00000000de3e0000,0x00000000de910000)
 ParOldGen       total 85056K, used 24945K [0x0000000083600000, 0x0000000088910000, 0x00000000d6760000)
  object space 85056K, 29% used [0x0000000083600000,0x0000000084e5c5f0,0x0000000088910000)
 PSPermGen       total 21248K, used 13863K [0x000000007e400000, 0x000000007f8c0000, 0x0000000083600000)
  object space 21248K, 65% used [0x000000007e400000,0x000000007f189dd0,0x000000007f8c0000)
Event: 19.229 GC heap after
Heap after GC invocations=5 (full 0):
 PSYoungGen      total 132800K, used 5296K [0x00000000d6760000, 0x00000000e71c0000, 0x0000000000000000)
  eden space 127488K, 0% used [0x00000000d6760000,0x00000000d6760000,0x00000000de3e0000)
  from space 5312K, 99% used [0x00000000de3e0000,0x00000000de90c020,0x00000000de910000)
  to   space 8896K, 0% used [0x00000000e6910000,0x00000000e6910000,0x00000000e71c0000)
 ParOldGen       total 85056K, used 28808K [0x0000000083600000, 0x0000000088910000, 0x00000000d6760000)
  object space 85056K, 33% used [0x0000000083600000,0x0000000085222160,0x0000000088910000)
 PSPermGen       total 21248K, used 13863K [0x000000007e400000, 0x000000007f8c0000, 0x0000000083600000)
  object space 21248K, 65% used [0x000000007e400000,0x000000007f189dd0,0x000000007f8c0000)
}
Event: 47.954 GC heap before
{Heap before GC invocations=6 (full 0):
 PSYoungGen      total 132800K, used 132784K [0x00000000d6760000, 0x00000000e71c0000, 0x0000000000000000)
  eden space 127488K, 100% used [0x00000000d6760000,0x00000000de3e0000,0x00000000de3e0000)
  from space 5312K, 99% used [0x00000000de3e0000,0x00000000de90c020,0x00000000de910000)
  to   space 8896K, 0% used [0x00000000e6910000,0x00000000e6910000,0x00000000e71c0000)
 ParOldGen       total 85056K, used 28808K [0x0000000083600000, 0x0000000088910000, 0x00000000d6760000)
  object space 85056K, 33% used [0x0000000083600000,0x0000000085222160,0x0000000088910000)
 PSPermGen       total 21248K, used 14489K [0x000000007e400000, 0x000000007f8c0000, 0x0000000083600000)
  object space 21248K, 68% used [0x000000007e400000,0x000000007f226668,0x000000007f8c0000)
Event: 47.960 GC heap after
Heap after GC invocations=6 (full 0):
 PSYoungGen      total 262848K, used 1808K [0x00000000d6760000, 0x00000000e70c0000, 0x0000000000000000)
  eden space 254976K, 0% used [0x00000000d6760000,0x00000000d6760000,0x00000000e6060000)
  from space 7872K, 22% used [0x00000000e6910000,0x00000000e6ad4010,0x00000000e70c0000)
  to   space 8384K, 0% used [0x00000000e6060000,0x00000000e6060000,0x00000000e6890000)
 ParOldGen       total 85056K, used 28816K [0x0000000083600000, 0x0000000088910000, 0x00000000d6760000)
  object space 85056K, 33% used [0x0000000083600000,0x0000000085224160,0x0000000088910000)
 PSPermGen       total 21248K, used 14489K [0x000000007e400000, 0x000000007f8c0000, 0x0000000083600000)
  object space 21248K, 68% used [0x000000007e400000,0x000000007f226668,0x000000007f8c0000)
}
Event: 221.891 GC heap before
{Heap before GC invocations=7 (full 0):
 PSYoungGen      total 262848K, used 256784K [0x00000000d6760000, 0x00000000e70c0000, 0x0000000000000000)
  eden space 254976K, 100% used [0x00000000d6760000,0x00000000e6060000,0x00000000e6060000)
  from space 7872K, 22% used [0x00000000e6910000,0x00000000e6ad4010,0x00000000e70c0000)
  to   space 8384K, 0% used [0x00000000e6060000,0x00000000e6060000,0x00000000e6890000)
 ParOldGen       total 85056K, used 28816K [0x0000000083600000, 0x0000000088910000, 0x00000000d6760000)
  object space 85056K, 33% used [0x0000000083600000,0x0000000085224160,0x0000000088910000)
 PSPermGen       total 21248K, used 14541K [0x000000007e400000, 0x000000007f8c0000, 0x0000000083600000)
  object space 21248K, 68% used [0x000000007e400000,0x000000007f2334d8,0x000000007f8c0000)
Event: 221.900 GC heap after
Heap after GC invocations=7 (full 0):
 PSYoungGen      total 263360K, used 1488K [0x00000000d6760000, 0x00000000f6920000, 0x0000000000000000)
  eden space 254976K, 0% used [0x00000000d6760000,0x00000000d6760000,0x00000000e6060000)
  from space 8384K, 17% used [0x00000000e6060000,0x00000000e61d4010,0x00000000e6890000)
  to   space 8064K, 0% used [0x00000000f6140000,0x00000000f6140000,0x00000000f6920000)
 ParOldGen       total 85056K, used 29112K [0x0000000083600000, 0x0000000088910000, 0x00000000d6760000)
  object space 85056K, 34% used [0x0000000083600000,0x000000008526e1b0,0x0000000088910000)
 PSPermGen       total 21248K, used 14541K [0x000000007e400000, 0x000000007f8c0000, 0x0000000083600000)
  object space 21248K, 68% used [0x000000007e400000,0x000000007f2334d8,0x000000007f8c0000)
}

